<?xml version="1.0" encoding="UTF-8"?>
<!-- Generated by org.testng.reporters.JUnitXMLReporter -->
<testsuite hostname="LAPTOP-8B5VFCJA" ignored="0" name="Guru99Demo Application Test" tests="9" failures="0" timestamp="29 Jul 2021 03:30:32 GMT" time="46.975" errors="0">
  <testcase name="verifyFlashMovieDemoLinkTest" time="1.614" classname="com.Guru99.qa.testcases.HomePageTest"/>
  <testcase name="verifyHomePageTitleTest" time="0.015" classname="com.Guru99.qa.testcases.HomePageTest"/>
  <testcase name="verifyLoginTest" time="2.524" classname="com.Guru99.qa.testcases.HomePageTest"/>
  <testcase name="verifyLogoTest" time="0.155" classname="com.Guru99.qa.testcases.HomePageTest"/>
  <testcase name="verifyPageNameTest" time="0.096" classname="com.Guru99.qa.testcases.HomePageTest"/>
  <testcase name="verifyRadioDemoLinkTest" time="1.744" classname="com.Guru99.qa.testcases.HomePageTest"/>
  <testcase name="verifyResetButtonTest" time="0.557" classname="com.Guru99.qa.testcases.HomePageTest"/>
  <testcase name="verifySeleniumLinkTest" time="0.283" classname="com.Guru99.qa.testcases.HomePageTest"/>
  <testcase name="verifySignupLinkTest" time="1.639" classname="com.Guru99.qa.testcases.HomePageTest"/>
</testsuite> <!-- Guru99Demo Application Test -->
